<?xml version="1.0" encoding="UTF-8"?>
<!-- Generated by org.testng.reporters.JUnitReportReporter -->
<testsuite hostname="DESKTOP-4V6MEV2" failures="0" tests="1" name="ListenersWithSuiteFile.TestCase5" time="14.197" errors="0" timestamp="2024-11-27T12:02:58 IST" skipped="0">
  <testcase classname="ListenersWithSuiteFile.TestCase5" name="myntra" time="14.197"/>
  <system-out>
    <![CDATA[I am honda]]>
  </system-out>
</testsuite> <!-- ListenersWithSuiteFile.TestCase5 -->
