<?xml version="1.0" encoding="UTF-8"?>
<!-- Generated by org.testng.reporters.JUnitReportReporter -->
<testsuite hostname="DESKTOP-4V6MEV2" failures="0" tests="2" name="basic.Guru99" time="38.783" errors="0" timestamp="2024-11-08T17:06:21 IST" skipped="0">
  <testcase classname="basic.Guru99" name="rightClick" time="24.033"/>
  <testcase classname="basic.Guru99" name="doubleClick" time="14.750"/>
</testsuite> <!-- basic.Guru99 -->
