<?xml version="1.0" encoding="UTF-8"?>
<!-- Generated by org.testng.reporters.JUnitReportReporter -->
<testsuite hostname="DESKTOP-4V6MEV2" failures="0" tests="1" name="Testng1.Nike" time="35.374" errors="0" timestamp="2024-11-14T15:41:01 IST" skipped="0">
  <testcase classname="Testng1.Nike" name="nike" time="35.374">
    <system-out>
      <![CDATA[I am in nike]]>
    </system-out>
  </testcase> <!-- nike -->
  <system-out>
    <![CDATA[I am ktm
I am puma
I am royalenfield
I am honda
I am adidas
I am in nike]]>
  </system-out>
</testsuite> <!-- Testng1.Nike -->
