<?xml version="1.0" encoding="UTF-8"?>
<!-- Generated by org.testng.reporters.JUnitReportReporter -->
<testsuite hostname="DESKTOP-4V6MEV2" failures="0" tests="2" name="TestNg.ConfigurationAnnotation" time="0.014" errors="0" timestamp="2024-11-11T15:17:27 IST" skipped="0">
  <testcase classname="TestNg.ConfigurationAnnotation" name="TestScript1" time="0.011"/>
  <testcase classname="TestNg.ConfigurationAnnotation" name="TestScript2" time="0.003"/>
</testsuite> <!-- TestNg.ConfigurationAnnotation -->
