<?xml version="1.0" encoding="UTF-8"?>
<!-- Generated by org.testng.reporters.JUnitReportReporter -->
<testsuite hostname="DESKTOP-4V6MEV2" failures="0" tests="1" name="Assertion.HardAssert" time="20.621" errors="0" timestamp="2024-11-15T16:29:35 IST" skipped="0">
  <testcase classname="Assertion.HardAssert" name="main" time="20.621"/>
</testsuite> <!-- Assertion.HardAssert -->
