<?xml version="1.0" encoding="UTF-8"?>
<!-- Generated by org.testng.reporters.JUnitReportReporter -->
<testsuite hostname="DESKTOP-4V6MEV2" failures="0" tests="4" name="basic.ThreadPoolSize" time="112.734" errors="0" timestamp="2024-11-08T15:34:16 IST" skipped="0">
  <testcase classname="basic.ThreadPoolSize" name="csk" time="55.684"/>
  <testcase classname="basic.ThreadPoolSize" name="csk" time="51.079"/>
  <testcase classname="basic.ThreadPoolSize" name="rcb" time="1.864"/>
  <testcase classname="basic.ThreadPoolSize" name="dc" time="4.107"/>
</testsuite> <!-- basic.ThreadPoolSize -->
