<?xml version="1.0" encoding="UTF-8"?>
<!-- Generated by org.testng.reporters.JUnitReportReporter -->
<testsuite hostname="DESKTOP-4V6MEV2" failures="0" tests="1" name="basic.LaunchWithTestNg" time="11.166" errors="0" timestamp="2024-11-08T11:36:58 IST" skipped="0">
  <testcase classname="basic.LaunchWithTestNg" name="main" time="11.166"/>
</testsuite> <!-- basic.LaunchWithTestNg -->
