<?xml version="1.0" encoding="UTF-8"?>
<!-- Generated by org.testng.reporters.JUnitReportReporter -->
<testsuite hostname="DESKTOP-4V6MEV2" failures="0" tests="1" name="TestNg.ReadXmlWithBaseClass" time="0.010" errors="0" timestamp="2024-11-13T16:39:35 IST" skipped="0">
  <testcase classname="TestNg.ReadXmlWithBaseClass" name="main" time="0.010"/>
</testsuite> <!-- TestNg.ReadXmlWithBaseClass -->
