<?xml version="1.0" encoding="UTF-8"?>
<!-- Generated by org.testng.reporters.JUnitReportReporter -->
<testsuite hostname="DESKTOP-4V6MEV2" failures="0" tests="1" name="ExtentReport.BasicReport" time="8.887" errors="0" timestamp="2024-11-25T11:01:51 IST" skipped="0">
  <testcase classname="ExtentReport.BasicReport" name="main" time="8.887"/>
</testsuite> <!-- ExtentReport.BasicReport -->
