<?xml version="1.0" encoding="UTF-8"?>
<!-- Generated by org.testng.reporters.JUnitReportReporter -->
<testsuite hostname="DESKTOP-4V6MEV2" failures="0" tests="3" name="TestNg.Priority" time="39.937" errors="0" timestamp="2024-11-25T10:32:39 IST" skipped="0">
  <testcase classname="TestNg.Priority" name="csk" time="21.297"/>
  <testcase classname="TestNg.Priority" name="Rcb" time="11.895"/>
  <testcase classname="TestNg.Priority" name="dc" time="6.745"/>
</testsuite> <!-- TestNg.Priority -->
