<?xml version="1.0" encoding="UTF-8"?>
<!-- Generated by org.testng.reporters.JUnitReportReporter -->
<testsuite hostname="DESKTOP-4V6MEV2" failures="0" tests="1" name="TestNg.ReadFromXml" time="0.016" errors="0" timestamp="2024-11-13T15:46:57 IST" skipped="0">
  <testcase classname="TestNg.ReadFromXml" name="main" time="0.016"/>
</testsuite> <!-- TestNg.ReadFromXml -->
