<?xml version="1.0" encoding="UTF-8"?>
<!-- Generated by org.testng.reporters.JUnitReportReporter -->
<testsuite hostname="DESKTOP-4V6MEV2" failures="0" tests="1" name="ProjectObjectModel.Login" time="15.169" errors="0" timestamp="2024-11-21T16:39:59 IST" skipped="0">
  <testcase classname="ProjectObjectModel.Login" name="main" time="15.169"/>
</testsuite> <!-- ProjectObjectModel.Login -->
