<?xml version="1.0" encoding="UTF-8"?>
<!-- Generated by org.testng.reporters.JUnitReportReporter -->
<testsuite hostname="DESKTOP-4V6MEV2" failures="0" tests="4" name="TestNg.InvocationCount" time="34.077" errors="0" timestamp="2024-11-25T10:28:10 IST" skipped="0">
  <testcase classname="TestNg.InvocationCount" name="csk" time="2.056"/>
  <testcase classname="TestNg.InvocationCount" name="csk" time="22.339"/>
  <testcase classname="TestNg.InvocationCount" name="rcb" time="7.188"/>
  <testcase classname="TestNg.InvocationCount" name="dc" time="2.494"/>
</testsuite> <!-- TestNg.InvocationCount -->
