<?xml version="1.0" encoding="UTF-8"?>
<!-- Generated by org.testng.reporters.JUnitReportReporter -->
<testsuite hostname="DESKTOP-4V6MEV2" failures="0" tests="3" name="basic.MultipleTestAnnotation" time="43.284" errors="0" timestamp="2024-11-06T16:42:26 IST" skipped="0">
  <testcase classname="basic.MultipleTestAnnotation" name="Rcb" time="3.672"/>
  <testcase classname="basic.MultipleTestAnnotation" name="csk" time="30.413"/>
  <testcase classname="basic.MultipleTestAnnotation" name="dc" time="9.199"/>
</testsuite> <!-- basic.MultipleTestAnnotation -->
