<?xml version="1.0" encoding="UTF-8"?>
<!-- Generated by org.testng.reporters.JUnitReportReporter -->
<testsuite hostname="DESKTOP-4V6MEV2" failures="0" tests="1" name="javautility.DateFormat" time="0.127" errors="0" timestamp="2024-11-28T11:04:13 IST" skipped="0">
  <testcase classname="javautility.DateFormat" name="main" time="0.127"/>
</testsuite> <!-- javautility.DateFormat -->
