<?xml version="1.0" encoding="UTF-8"?>
<!-- Generated by org.testng.reporters.JUnitReportReporter -->
<testsuite hostname="DESKTOP-4V6MEV2" failures="0" tests="1" name="Testng1.Puma" time="11.901" errors="0" timestamp="2024-11-14T15:41:01 IST" skipped="0">
  <testcase classname="Testng1.Puma" name="puma" time="11.901">
    <system-out>
      <![CDATA[I am puma]]>
    </system-out>
  </testcase> <!-- puma -->
  <system-out>
    <![CDATA[I am ktm
I am puma
I am royalenfield
I am honda
I am adidas
I am in nike]]>
  </system-out>
</testsuite> <!-- Testng1.Puma -->
