<?xml version="1.0" encoding="UTF-8"?>
<!-- Generated by org.testng.reporters.JUnitReportReporter -->
<testsuite hostname="DESKTOP-4V6MEV2" failures="0" tests="1" name="TestNg.TestCase3" time="40.809" errors="0" timestamp="2024-11-12T15:59:55 IST" skipped="0">
  <testcase classname="TestNg.TestCase3" name="testScript3" time="40.809"/>
</testsuite> <!-- TestNg.TestCase3 -->
