<?xml version="1.0" encoding="UTF-8"?>
<!-- Generated by org.testng.reporters.JUnitReportReporter -->
<testsuite hostname="DESKTOP-4V6MEV2" failures="0" tests="1" name="Assertion.AssertS" time="7.499" errors="0" timestamp="2024-11-15T17:06:47 IST" skipped="0">
  <testcase classname="Assertion.AssertS" name="main" time="7.499">
    <system-out>
      <![CDATA[I am in dws page]]>
    </system-out>
  </testcase> <!-- main -->
  <system-out>
    <![CDATA[I am in dws page]]>
  </system-out>
</testsuite> <!-- Assertion.AssertS -->
