<?xml version="1.0" encoding="UTF-8"?>
<!-- Generated by org.testng.reporters.JUnitReportReporter -->
<testsuite hostname="DESKTOP-4V6MEV2" failures="0" tests="1" name="ListenersWithSuiteFile.TestCase6" time="5.965" errors="0" timestamp="2024-11-27T12:02:58 IST" skipped="0">
  <testcase classname="ListenersWithSuiteFile.TestCase6" name="blinkit" time="5.965"/>
  <system-out>
    <![CDATA[I am honda]]>
  </system-out>
</testsuite> <!-- ListenersWithSuiteFile.TestCase6 -->
