<?xml version="1.0" encoding="UTF-8"?>
<!-- Generated by org.testng.reporters.JUnitReportReporter -->
<testsuite hostname="DESKTOP-4V6MEV2" failures="0" tests="2" name="basic.ConfigurationAnnotation" time="0.012" errors="0" timestamp="2024-11-09T19:06:42 IST" skipped="0">
  <testcase classname="basic.ConfigurationAnnotation" name="TestScript2" time="0.004"/>
  <testcase classname="basic.ConfigurationAnnotation" name="TestScript1" time="0.008"/>
</testsuite> <!-- basic.ConfigurationAnnotation -->
