<?xml version="1.0" encoding="UTF-8"?>
<!-- Generated by org.testng.reporters.JUnitReportReporter -->
<testsuite hostname="DESKTOP-4V6MEV2" failures="0" tests="4" name="basic.invocationCount" time="102.057" errors="0" timestamp="2024-11-08T15:28:50 IST" skipped="0">
  <testcase classname="basic.invocationCount" name="csk" time="69.291"/>
  <testcase classname="basic.invocationCount" name="csk" time="2.630"/>
  <testcase classname="basic.invocationCount" name="Rcb" time="24.048"/>
  <testcase classname="basic.invocationCount" name="dc" time="6.088"/>
</testsuite> <!-- basic.invocationCount -->
