<?xml version="1.0" encoding="UTF-8"?>
<!-- Generated by org.testng.reporters.JUnitReportReporter -->
<testsuite hostname="DESKTOP-4V6MEV2" failures="0" tests="1" name="TestNg.TestCase2" time="16.519" errors="0" timestamp="2024-11-26T11:05:49 IST" skipped="0">
  <testcase classname="TestNg.TestCase2" name="TestScript2" time="16.519"/>
</testsuite> <!-- TestNg.TestCase2 -->
