<?xml version="1.0" encoding="UTF-8"?>
<!-- Generated by org.testng.reporters.JUnitReportReporter -->
<testsuite hostname="DESKTOP-4V6MEV2" failures="0" tests="4" name="TestNg.ThreadPoolSize" time="58.514" errors="0" timestamp="2024-11-25T10:39:05 IST" skipped="0">
  <testcase classname="TestNg.ThreadPoolSize" name="dc" time="6.559"/>
  <testcase classname="TestNg.ThreadPoolSize" name="csk" time="28.323"/>
  <testcase classname="TestNg.ThreadPoolSize" name="csk" time="15.679"/>
  <testcase classname="TestNg.ThreadPoolSize" name="rcb" time="7.953"/>
</testsuite> <!-- TestNg.ThreadPoolSize -->
