<?xml version="1.0" encoding="UTF-8"?>
<!-- Generated by org.testng.reporters.JUnitReportReporter -->
<testsuite hostname="DESKTOP-4V6MEV2" failures="0" tests="1" name="TestNg.TestCase1" time="22.632" errors="0" timestamp="2024-11-26T10:55:20 IST" skipped="0">
  <testcase classname="TestNg.TestCase1" name="TestCase1" time="22.632"/>
</testsuite> <!-- TestNg.TestCase1 -->
