<?xml version="1.0" encoding="UTF-8"?>
<!-- Generated by org.testng.reporters.JUnitReportReporter -->
<testsuite hostname="DESKTOP-4V6MEV2" failures="0" tests="1" name="ProjectObjectModel.Register" time="8.967" errors="0" timestamp="2024-11-22T10:17:49 IST" skipped="0">
  <testcase classname="ProjectObjectModel.Register" name="main" time="8.967"/>
</testsuite> <!-- ProjectObjectModel.Register -->
