<?xml version="1.0" encoding="UTF-8"?>
<!-- Generated by org.testng.reporters.JUnitReportReporter -->
<testsuite hostname="DESKTOP-4V6MEV2" failures="0" tests="1" name="Testng2.Honda" time="2.655" errors="0" timestamp="2024-11-14T15:41:01 IST" skipped="0">
  <testcase classname="Testng2.Honda" name="honda" time="2.655">
    <system-out>
      <![CDATA[I am honda]]>
    </system-out>
  </testcase> <!-- honda -->
  <system-out>
    <![CDATA[I am ktm
I am puma
I am royalenfield
I am honda
I am adidas
I am in nike]]>
  </system-out>
</testsuite> <!-- Testng2.Honda -->
