<?xml version="1.0" encoding="UTF-8"?>
<!-- Generated by org.testng.reporters.JUnitReportReporter -->
<testsuite hostname="DESKTOP-4V6MEV2" failures="0" tests="3" name="basic.Priority" time="57.787" errors="0" timestamp="2024-11-08T15:21:34 IST" skipped="0">
  <testcase classname="basic.Priority" name="csk" time="50.228"/>
  <testcase classname="basic.Priority" name="Rcb" time="1.777"/>
  <testcase classname="basic.Priority" name="dc" time="5.782"/>
</testsuite> <!-- basic.Priority -->
