<?xml version="1.0" encoding="UTF-8"?>
<!-- Generated by org.testng.reporters.JUnitReportReporter -->
<testsuite hostname="DESKTOP-4V6MEV2" failures="0" tests="1" name="TestNg.TestCase6" time="48.849" errors="0" timestamp="2024-11-12T16:49:01 IST" skipped="0">
  <testcase classname="TestNg.TestCase6" name="TestScript6" time="48.849"/>
</testsuite> <!-- TestNg.TestCase6 -->
