<?xml version="1.0" encoding="UTF-8"?>
<!-- Generated by org.testng.reporters.JUnitReportReporter -->
<testsuite hostname="DESKTOP-4V6MEV2" failures="0" tests="1" name="ListenersWithSuiteFile.TestCase2" time="7.166" errors="0" timestamp="2024-11-27T12:02:58 IST" skipped="0">
  <testcase classname="ListenersWithSuiteFile.TestCase2" name="amazon" time="7.166"/>
  <system-out>
    <![CDATA[I am honda]]>
  </system-out>
</testsuite> <!-- ListenersWithSuiteFile.TestCase2 -->
