<?xml version="1.0" encoding="UTF-8"?>
<!-- Generated by org.testng.reporters.JUnitReportReporter -->
<testsuite hostname="DESKTOP-4V6MEV2" failures="0" tests="1" name="ListenersWithSuiteFile.TestCase4" time="6.742" errors="0" timestamp="2024-11-27T12:02:58 IST" skipped="0">
  <testcase classname="ListenersWithSuiteFile.TestCase4" name="meesho" time="6.742"/>
  <system-out>
    <![CDATA[I am honda]]>
  </system-out>
</testsuite> <!-- ListenersWithSuiteFile.TestCase4 -->
