<?xml version="1.0" encoding="UTF-8"?>
<!-- Generated by org.testng.reporters.JUnitReportReporter -->
<testsuite hostname="DESKTOP-4V6MEV2" failures="0" tests="2" name="TestNg.TestCase" time="34.164" errors="0" timestamp="2024-11-12T15:59:55 IST" skipped="0">
  <testcase classname="TestNg.TestCase" name="testScript2" time="12.774"/>
  <testcase classname="TestNg.TestCase" name="testScript1" time="21.390"/>
</testsuite> <!-- TestNg.TestCase -->
